<?xml version="1.0" encoding="UTF-8"?>
<testng-results ignored="0" total="1" passed="1" failed="0" skipped="0">
  <reporter-output>
  </reporter-output>
  <suite started-at="2022-09-17T08:32:41 IST" name="Default suite" finished-at="2022-09-17T08:32:56 IST" duration-ms="14779">
    <groups>
    </groups>
    <test started-at="2022-09-17T08:32:41 IST" name="Default test" finished-at="2022-09-17T08:32:56 IST" duration-ms="14779">
      <class name="TestCaseData.Logintestcase">
        <test-method signature="loginpage()[pri:0, instance:TestCaseData.Logintestcase@6eda5c9]" started-at="2022-09-17T08:32:41 IST" name="loginpage" finished-at="2022-09-17T08:32:56 IST" duration-ms="14731" status="PASS">
          <reporter-output>
          </reporter-output>
        </test-method> <!-- loginpage -->
      </class> <!-- TestCaseData.Logintestcase -->
    </test> <!-- Default test -->
  </suite> <!-- Default suite -->
</testng-results>
